<?xml version="1.0" encoding="UTF-8"?>
<!-- Generated by org.testng.reporters.JUnitReportReporter -->
<testsuite skipped="0" hostname="WIN-NFDCINOH1RK" name="day1.testme" tests="1" failures="0" timestamp="2021-04-30T06:31:18 UTC" time="0.000" errors="0">
  <testcase name="f" time="0.000" classname="day1.testme"/>
  <system-out/>
</testsuite> <!-- day1.testme -->
